    OpenRGB v0.9
    Commit:  from 
    Launched: 20250510_211003
====================================================================================================

0     |Info:    Found file: Rainbow.orp attempting to validate header
0     |Info:    Valid v4 profile found for Rainbow
0     |Info:    Found file: EveningLight.orp attempting to validate header
0     |Info:    Valid v4 profile found for EveningLight
0     |Info:    Found file: off.orp attempting to validate header
0     |Info:    Valid v4 profile found for off
1006  |Info:    ------------------------------------------------------
1006  |Info:    |               Start device detection               |
1006  |Info:    ------------------------------------------------------
1006  |Info:    Initializing HID interfaces: Success
1011  |Info:    ------------------------------------------------------
1011  |Info:    |             Detecting I2C interfaces               |
1011  |Info:    ------------------------------------------------------
1011  |Info:    Registering I2C interface: /dev/i2c-3 Device 1002:7550 Subsystem: 1EAE:8810
1011  |Info:    Registering I2C interface: /dev/i2c-10 Device 1022:790B Subsystem: 1043:87E1
1011  |Info:    Registering I2C interface: /dev/i2c-1 Device 1002:7550 Subsystem: 1EAE:8810
1011  |Warning: [i2c_smbus_linux] Failed to read i2c device PCI device ID
1012  |Info:    Registering I2C interface: /dev/i2c-8 Device 0000:0000 Subsystem: 0000:0000
1012  |Info:    Registering I2C interface: /dev/i2c-6 Device 1002:7550 Subsystem: 1EAE:8810
1012  |Info:    Registering I2C interface: /dev/i2c-4 Device 1002:7550 Subsystem: 1EAE:8810
1012  |Info:    Registering I2C interface: /dev/i2c-11 Device 1022:790B Subsystem: 1043:87E1
1012  |Info:    Registering I2C interface: /dev/i2c-2 Device 1002:7550 Subsystem: 1EAE:8810
1012  |Info:    Registering I2C interface: /dev/i2c-0 Device 0000:0000 Subsystem: 0000:0000
1012  |Warning: [i2c_smbus_linux] Failed to read i2c device PCI device ID
1012  |Info:    Registering I2C interface: /dev/i2c-9 Device 0000:0000 Subsystem: 0000:0000
1012  |Warning: [i2c_smbus_linux] Failed to read i2c device PCI device ID
1012  |Info:    Registering I2C interface: /dev/i2c-7 Device 0000:0000 Subsystem: 0000:0000
1012  |Info:    Registering I2C interface: /dev/i2c-5 Device 1002:7550 Subsystem: 1EAE:8810
1012  |Info:    Registering I2C interface: /dev/i2c-12 Device 1022:790B Subsystem: 1043:87E1
1012  |Info:    ------------------------------------------------------
1012  |Info:    |               Detecting I2C devices                |
1012  |Info:    ------------------------------------------------------
2342  |Info:    ------------------------------------------------------
2342  |Info:    |               Detecting I2C PCI devices            |
2342  |Info:    ------------------------------------------------------
2342  |Info:    ------------------------------------------------------
2342  |Info:    |               Detecting HID devices                |
2342  |Info:    ------------------------------------------------------
2416  |Info:    [ASUS TUF GAMING B550-PLUS WIFI II] Registering RGB controller
2426  |Info:    [Glorious Model D / D-] Registering RGB controller
2426  |Info:    ------------------------------------------------------
2426  |Info:    |            Detecting libusb HID devices            |
2426  |Info:    ------------------------------------------------------
2493  |Info:    ------------------------------------------------------
2493  |Info:    |              Detecting other devices               |
2493  |Info:    ------------------------------------------------------
2500  |Info:    ------------------------------------------------------
2500  |Info:    |                Detection completed                 |
2500  |Info:    ------------------------------------------------------
5721  |Info:    Profile loading: Succeeded for ASUS TUF GAMING B550-PLUS WIFI II @ HID: /dev/hidraw2
5721  |Info:    Profile loading: Succeeded for Glorious Model D / D- @ HID: /dev/hidraw6
