    OpenRGB v0.9
    Commit:  from 
    Launched: 20250508_213535
====================================================================================================

0     |Info:    Found file: off.orp attempting to validate header
0     |Info:    Valid v4 profile found for off
1001  |Info:    ------------------------------------------------------
1001  |Info:    |               Start device detection               |
1001  |Info:    ------------------------------------------------------
1001  |Info:    Initializing HID interfaces: Success
1007  |Info:    ------------------------------------------------------
1007  |Info:    |             Detecting I2C interfaces               |
1007  |Info:    ------------------------------------------------------
1007  |Info:    Registering I2C interface: /dev/i2c-3 Device 1002:7550 Subsystem: 1EAE:8810
1007  |Info:    Registering I2C interface: /dev/i2c-1 Device 1002:7550 Subsystem: 1EAE:8810
1007  |Info:    Registering I2C interface: /dev/i2c-6 Device 1002:7550 Subsystem: 1EAE:8810
1007  |Info:    Registering I2C interface: /dev/i2c-4 Device 1002:7550 Subsystem: 1EAE:8810
1007  |Info:    Registering I2C interface: /dev/i2c-2 Device 1002:7550 Subsystem: 1EAE:8810
1007  |Warning: [i2c_smbus_linux] Failed to read i2c device PCI device ID
1007  |Info:    Registering I2C interface: /dev/i2c-9 Device 0000:0000 Subsystem: 0000:0000
1007  |Warning: [i2c_smbus_linux] Failed to read i2c device PCI device ID
1007  |Info:    Registering I2C interface: /dev/i2c-7 Device 0000:0000 Subsystem: 0000:0000
1007  |Info:    Registering I2C interface: /dev/i2c-5 Device 1002:7550 Subsystem: 1EAE:8810
1007  |Info:    ------------------------------------------------------
1007  |Info:    |               Detecting I2C devices                |
1007  |Info:    ------------------------------------------------------
1014  |Info:    ------------------------------------------------------
1014  |Info:    |               Detecting I2C PCI devices            |
1014  |Info:    ------------------------------------------------------
1014  |Info:    ------------------------------------------------------
1014  |Info:    |               Detecting HID devices                |
1014  |Info:    ------------------------------------------------------
1091  |Info:    [ASUS TUF GAMING B550-PLUS WIFI II] Registering RGB controller
1102  |Info:    [Glorious Model D / D-] Registering RGB controller
1102  |Info:    ------------------------------------------------------
1102  |Info:    |            Detecting libusb HID devices            |
1102  |Info:    ------------------------------------------------------
1168  |Info:    ------------------------------------------------------
1168  |Info:    |              Detecting other devices               |
1168  |Info:    ------------------------------------------------------
1174  |Info:    ------------------------------------------------------
1174  |Info:    |                Detection completed                 |
1174  |Info:    ------------------------------------------------------
1174  |Dialog:  <h2>WARNING:</h2><p>One or more I2C/SMBus interfaces failed to initialize.</p><p>RGB DRAM modules and some motherboards' onboard RGB lighting will not be available without I2C/SMBus.</p><p>On Linux, this is usually because the i2c-dev module is not loaded.  You must load the i2c-dev module along with the correct i2c driver for your motherboard.  This is usually i2c-piix4 for AMD systems and i2c-i801 for Intel systems.</p><p>See <a href='https://help.openrgb.org/'>help.openrgb.org</a> for additional troubleshooting steps if you keep seeing this message.<br></p>
40645 |Info:    Found file: off.orp attempting to validate header
40645 |Info:    Valid v4 profile found for off
260759|Info:    Profile loading: Succeeded for ASUS TUF GAMING B550-PLUS WIFI II @ HID: /dev/hidraw4
260759|Info:    Profile loading: Succeeded for Glorious Model D / D- @ HID: /dev/hidraw6
267312|Info:    Found file: off.orp attempting to validate header
267312|Info:    Valid v4 profile found for off
292843|Info:    Found file: Rainbow.orp attempting to validate header
292843|Info:    Valid v4 profile found for Rainbow
292843|Info:    Found file: off.orp attempting to validate header
292843|Info:    Valid v4 profile found for off
300673|Info:    Profile loading: Succeeded for ASUS TUF GAMING B550-PLUS WIFI II @ HID: /dev/hidraw4
300673|Info:    Profile loading: Succeeded for Glorious Model D / D- @ HID: /dev/hidraw6
440923|Info:    Found file: Rainbow.orp attempting to validate header
440923|Info:    Valid v4 profile found for Rainbow
440923|Info:    Found file: EveningLight.orp attempting to validate header
440923|Info:    Valid v4 profile found for EveningLight
440923|Info:    Found file: off.orp attempting to validate header
440923|Info:    Valid v4 profile found for off
495452|Info:    Profile loading: Succeeded for ASUS TUF GAMING B550-PLUS WIFI II @ HID: /dev/hidraw4
495452|Info:    Profile loading: Succeeded for Glorious Model D / D- @ HID: /dev/hidraw6
554986|Info:    Profile loading: Succeeded for ASUS TUF GAMING B550-PLUS WIFI II @ HID: /dev/hidraw4
554986|Info:    Profile loading: Succeeded for Glorious Model D / D- @ HID: /dev/hidraw6
573436|Info:    Found file: Rainbow.orp attempting to validate header
573436|Info:    Valid v4 profile found for Rainbow
573436|Info:    Found file: EveningLight.orp attempting to validate header
573436|Info:    Valid v4 profile found for EveningLight
573436|Info:    Found file: off.orp attempting to validate header
573436|Info:    Valid v4 profile found for off
576505|Info:    Profile loading: Succeeded for ASUS TUF GAMING B550-PLUS WIFI II @ HID: /dev/hidraw4
576505|Info:    Profile loading: Succeeded for Glorious Model D / D- @ HID: /dev/hidraw6
