    OpenRGB v0.9
    Commit:  from 
    Launched: 20250515_210519
====================================================================================================

0     |Info:    Found file: Rainbow.orp attempting to validate header
0     |Info:    Valid v4 profile found for Rainbow
0     |Info:    Found file: EveningLight.orp attempting to validate header
0     |Info:    Valid v4 profile found for EveningLight
0     |Info:    Found file: off.orp attempting to validate header
0     |Info:    Valid v4 profile found for off
1001  |Info:    ------------------------------------------------------
1001  |Info:    |               Start device detection               |
1001  |Info:    ------------------------------------------------------
1001  |Info:    Initializing HID interfaces: Success
1007  |Info:    ------------------------------------------------------
1007  |Info:    |             Detecting I2C interfaces               |
1007  |Info:    ------------------------------------------------------
1007  |Info:    Registering I2C interface: /dev/i2c-3 Device 1002:7550 Subsystem: 1EAE:8810
1007  |Info:    Registering I2C interface: /dev/i2c-10 Device 1022:790B Subsystem: 1043:87E1
1007  |Info:    Registering I2C interface: /dev/i2c-1 Device 1002:7550 Subsystem: 1EAE:8810
1007  |Warning: [i2c_smbus_linux] Failed to read i2c device PCI device ID
1007  |Info:    Registering I2C interface: /dev/i2c-8 Device 0000:0000 Subsystem: 0000:0000
1007  |Info:    Registering I2C interface: /dev/i2c-6 Device 1002:7550 Subsystem: 1EAE:8810
1007  |Info:    Registering I2C interface: /dev/i2c-4 Device 1002:7550 Subsystem: 1EAE:8810
1007  |Info:    Registering I2C interface: /dev/i2c-11 Device 1022:790B Subsystem: 1043:87E1
1007  |Info:    Registering I2C interface: /dev/i2c-2 Device 1002:7550 Subsystem: 1EAE:8810
1007  |Info:    Registering I2C interface: /dev/i2c-0 Device 0000:0000 Subsystem: 0000:0000
1008  |Warning: [i2c_smbus_linux] Failed to read i2c device PCI device ID
1008  |Info:    Registering I2C interface: /dev/i2c-9 Device 0000:0000 Subsystem: 0000:0000
1008  |Warning: [i2c_smbus_linux] Failed to read i2c device PCI device ID
1008  |Info:    Registering I2C interface: /dev/i2c-7 Device 0000:0000 Subsystem: 0000:0000
1008  |Info:    Registering I2C interface: /dev/i2c-5 Device 1002:7550 Subsystem: 1EAE:8810
1008  |Info:    Registering I2C interface: /dev/i2c-12 Device 1022:790B Subsystem: 1043:87E1
1008  |Info:    ------------------------------------------------------
1008  |Info:    |               Detecting I2C devices                |
1008  |Info:    ------------------------------------------------------
2299  |Info:    ------------------------------------------------------
2299  |Info:    |               Detecting I2C PCI devices            |
2299  |Info:    ------------------------------------------------------
2300  |Info:    ------------------------------------------------------
2300  |Info:    |               Detecting HID devices                |
2300  |Info:    ------------------------------------------------------
2376  |Info:    [ASUS TUF GAMING B550-PLUS WIFI II] Registering RGB controller
2387  |Info:    [Glorious Model D / D-] Registering RGB controller
2387  |Info:    ------------------------------------------------------
2387  |Info:    |            Detecting libusb HID devices            |
2387  |Info:    ------------------------------------------------------
2452  |Info:    ------------------------------------------------------
2452  |Info:    |              Detecting other devices               |
2452  |Info:    ------------------------------------------------------
2458  |Info:    ------------------------------------------------------
2458  |Info:    |                Detection completed                 |
2458  |Info:    ------------------------------------------------------
